<?xml version="1.0" encoding="UTF-8"?>
<!-- Generated by org.testng.reporters.JUnitReportReporter -->
<testsuite hostname="LAPTOP-64IUR4U8" failures="0" tests="1" name="com.owasp.tests.PaymentTest" time="15.997" errors="0" timestamp="2024-02-06T19:54:41 CST" skipped="0">
  <testcase classname="com.owasp.tests.PaymentTest" name="addPaymentTest" time="15.997"/>
  <system-out/>
</testsuite> <!-- com.owasp.tests.PaymentTest -->
