<?xml version="1.0" encoding="UTF-8"?>
<!-- Generated by org.testng.reporters.JUnitReportReporter -->
<testsuite hostname="LAPTOP-64IUR4U8" failures="0" tests="1" name="com.owasp.tests.AddressTest" time="18.030" errors="0" timestamp="2024-02-02T22:05:09 CST" skipped="0">
  <testcase classname="com.owasp.tests.AddressTest" name="addAddressTest" time="18.030"/>
  <system-out/>
</testsuite> <!-- com.owasp.tests.AddressTest -->
